{"/Users/3forcomdev/@kitchen/webpack-optimize/src/app.tsx": {"path":"/Users/3forcomdev/@kitchen/webpack-optimize/src/app.tsx","statementMap":{"0":{"start":{"line":1,"column":0},"end":{"line":1,"column":null}},"1":{"start":{"line":2,"column":0},"end":{"line":2,"column":null}},"2":{"start":{"line":4,"column":0},"end":{"line":4,"column":15}}},"fnMap":{},"branchMap":{},"s":{"0":0,"1":0,"2":0},"f":{},"b":{}}
,"/Users/3forcomdev/@kitchen/webpack-optimize/src/index.tsx": {"path":"/Users/3forcomdev/@kitchen/webpack-optimize/src/index.tsx","statementMap":{"0":{"start":{"line":1,"column":0},"end":{"line":1,"column":null}},"1":{"start":{"line":2,"column":0},"end":{"line":2,"column":null}},"2":{"start":{"line":4,"column":0},"end":{"line":4,"column":7}},"3":{"start":{"line":5,"column":1},"end":{"line":5,"column":8}}},"fnMap":{"0":{"name":"(anonymous_0)","decl":{"start":{"line":4,"column":0},"end":{"line":4,"column":7}},"loc":{"start":{"line":4,"column":0},"end":{"line":4,"column":7}}},"1":{"name":"(anonymous_1)","decl":{"start":{"line":4,"column":52},"end":{"line":4,"column":55}},"loc":{"start":{"line":4,"column":58},"end":{"line":6,"column":null}}}},"branchMap":{},"s":{"0":0,"1":0,"2":0,"3":0},"f":{"0":0,"1":0},"b":{}}
,"/Users/3forcomdev/@kitchen/webpack-optimize/src/components/atoms/button/index.tsx": {"path":"/Users/3forcomdev/@kitchen/webpack-optimize/src/components/atoms/button/index.tsx","statementMap":{"0":{"start":{"line":1,"column":0},"end":{"line":1,"column":null}},"1":{"start":{"line":7,"column":13},"end":{"line":7,"column":34}},"2":{"start":{"line":7,"column":34},"end":{"line":7,"column":null}},"3":{"start":{"line":7,"column":34},"end":{"line":7,"column":37}}},"fnMap":{"0":{"name":"(anonymous_0)","decl":{"start":{"line":7,"column":34},"end":{"line":7,"column":37}},"loc":{"start":{"line":7,"column":34},"end":{"line":7,"column":37}}}},"branchMap":{"0":{"loc":{"start":{"line":8,"column":20},"end":{"line":8,"column":33}},"type":"cond-expr","locations":[{"start":{"line":8,"column":20},"end":{"line":8,"column":33}},{"start":{"line":8,"column":33},"end":{"line":8,"column":null}}]}},"s":{"0":1,"1":1,"2":1,"3":1},"f":{"0":1},"b":{"0":[0,1]}}
,"/Users/3forcomdev/@kitchen/webpack-optimize/src/configs/routes/index.ts": {"path":"/Users/3forcomdev/@kitchen/webpack-optimize/src/configs/routes/index.ts","statementMap":{"0":{"start":{"line":7,"column":13},"end":{"line":7,"column":47}}},"fnMap":{},"branchMap":{},"s":{"0":0},"f":{},"b":{}}
,"/Users/3forcomdev/@kitchen/webpack-optimize/src/libs/eaStore/index.tsx": {"path":"/Users/3forcomdev/@kitchen/webpack-optimize/src/libs/eaStore/index.tsx","statementMap":{"0":{"start":{"line":1,"column":0},"end":{"line":1,"column":null}},"1":{"start":{"line":13,"column":13},"end":{"line":13,"column":27}},"2":{"start":{"line":16,"column":17},"end":{"line":16,"column":41}},"3":{"start":{"line":17,"column":18},"end":{"line":20,"column":null}},"4":{"start":{"line":18,"column":16},"end":{"line":18,"column":24}},"5":{"start":{"line":19,"column":2},"end":{"line":19,"column":9}},"6":{"start":{"line":21,"column":18},"end":{"line":27,"column":null}},"7":{"start":{"line":22,"column":16},"end":{"line":22,"column":27}},"8":{"start":{"line":23,"column":2},"end":{"line":25,"column":null}},"9":{"start":{"line":24,"column":3},"end":{"line":24,"column":9}},"10":{"start":{"line":26,"column":2},"end":{"line":26,"column":9}},"11":{"start":{"line":28,"column":1},"end":{"line":28,"column":8}},"12":{"start":{"line":31,"column":13},"end":{"line":31,"column":26}},"13":{"start":{"line":31,"column":26},"end":{"line":31,"column":null}}},"fnMap":{"0":{"name":"(anonymous_0)","decl":{"start":{"line":13,"column":27},"end":{"line":13,"column":null}},"loc":{"start":{"line":15,"column":20},"end":{"line":29,"column":null}}},"1":{"name":"Provider","decl":{"start":{"line":17,"column":7},"end":{"line":17,"column":15}},"loc":{"start":{"line":17,"column":54},"end":{"line":20,"column":null}}},"2":{"name":"useStore","decl":{"start":{"line":21,"column":7},"end":{"line":21,"column":15}},"loc":{"start":{"line":21,"column":26},"end":{"line":27,"column":null}}},"3":{"name":"(anonymous_3)","decl":{"start":{"line":31,"column":26},"end":{"line":31,"column":null}},"loc":{"start":{"line":31,"column":26},"end":{"line":31,"column":null}}}},"branchMap":{"0":{"loc":{"start":{"line":23,"column":2},"end":{"line":25,"column":null}},"type":"if","locations":[{"start":{"line":23,"column":2},"end":{"line":25,"column":null}},{"start":{"line":23,"column":2},"end":{"line":25,"column":null}}]}},"s":{"0":0,"1":0,"2":0,"3":0,"4":0,"5":0,"6":0,"7":0,"8":0,"9":0,"10":0,"11":0,"12":0,"13":0},"f":{"0":0,"1":0,"2":0,"3":0},"b":{"0":[0,0]}}
,"/Users/3forcomdev/@kitchen/webpack-optimize/src/pages/index/index.tsx": {"path":"/Users/3forcomdev/@kitchen/webpack-optimize/src/pages/index/index.tsx","statementMap":{"0":{"start":{"line":1,"column":0},"end":{"line":1,"column":null}},"1":{"start":{"line":3,"column":18},"end":{"line":3,"column":24}},"2":{"start":{"line":5,"column":0},"end":{"line":5,"column":15}}},"fnMap":{"0":{"name":"Index","decl":{"start":{"line":3,"column":6},"end":{"line":3,"column":11}},"loc":{"start":{"line":3,"column":18},"end":{"line":3,"column":24}}}},"branchMap":{},"s":{"0":0,"1":0,"2":0},"f":{"0":0},"b":{}}
,"/Users/3forcomdev/@kitchen/webpack-optimize/src/utils/provider/index.tsx": {"path":"/Users/3forcomdev/@kitchen/webpack-optimize/src/utils/provider/index.tsx","statementMap":{"0":{"start":{"line":1,"column":0},"end":{"line":1,"column":null}},"1":{"start":{"line":2,"column":0},"end":{"line":2,"column":null}},"2":{"start":{"line":4,"column":0},"end":{"line":4,"column":null}},"3":{"start":{"line":6,"column":13},"end":{"line":6,"column":28}},"4":{"start":{"line":7,"column":1},"end":{"line":7,"column":null}}},"fnMap":{"0":{"name":"(anonymous_0)","decl":{"start":{"line":6,"column":28},"end":{"line":6,"column":33}},"loc":{"start":{"line":6,"column":33},"end":{"line":12,"column":null}}}},"branchMap":{},"s":{"0":0,"1":0,"2":0,"3":0,"4":0},"f":{"0":0},"b":{}}
,"/Users/3forcomdev/@kitchen/webpack-optimize/src/utils/routes/index.tsx": {"path":"/Users/3forcomdev/@kitchen/webpack-optimize/src/utils/routes/index.tsx","statementMap":{"0":{"start":{"line":1,"column":0},"end":{"line":1,"column":null}},"1":{"start":{"line":2,"column":0},"end":{"line":2,"column":null}},"2":{"start":{"line":4,"column":0},"end":{"line":4,"column":null}},"3":{"start":{"line":6,"column":13},"end":{"line":6,"column":26}},"4":{"start":{"line":7,"column":1},"end":{"line":7,"column":null}},"5":{"start":{"line":10,"column":23},"end":{"line":10,"column":24}},"6":{"start":{"line":16,"column":25},"end":{"line":16,"column":30}},"7":{"start":{"line":16,"column":30},"end":{"line":16,"column":35}},"8":{"start":{"line":16,"column":35},"end":{"line":16,"column":null}},"9":{"start":{"line":19,"column":7},"end":{"line":19,"column":14}}},"fnMap":{"0":{"name":"(anonymous_0)","decl":{"start":{"line":6,"column":26},"end":{"line":6,"column":31}},"loc":{"start":{"line":6,"column":31},"end":{"line":26,"column":null}}},"1":{"name":"(anonymous_1)","decl":{"start":{"line":10,"column":23},"end":{"line":10,"column":24}},"loc":{"start":{"line":10,"column":23},"end":{"line":10,"column":24}}},"2":{"name":"render","decl":{"start":{"line":15,"column":14},"end":{"line":15,"column":19}},"loc":{"start":{"line":15,"column":19},"end":{"line":20,"column":null}}},"3":{"name":"(anonymous_3)","decl":{"start":{"line":16,"column":30},"end":{"line":16,"column":35}},"loc":{"start":{"line":16,"column":30},"end":{"line":16,"column":35}}},"4":{"name":"(anonymous_4)","decl":{"start":{"line":16,"column":35},"end":{"line":16,"column":null}},"loc":{"start":{"line":16,"column":35},"end":{"line":16,"column":null}}}},"branchMap":{},"s":{"0":0,"1":0,"2":0,"3":0,"4":0,"5":0,"6":0,"7":0,"8":0,"9":0},"f":{"0":0,"1":0,"2":0,"3":0,"4":0},"b":{}}
}
