TN:
SF:/Users/3forcomdev/@kitchen/webpack-optimize/src/app.tsx
FNF:0
FNH:0
DA:1,0
DA:2,0
DA:4,0
LF:3
LH:0
BRF:0
BRH:0
end_of_record
TN:
SF:/Users/3forcomdev/@kitchen/webpack-optimize/src/index.tsx
FN:4,(anonymous_0)
FN:4,(anonymous_1)
FNF:2
FNH:0
FNDA:0,(anonymous_0)
FNDA:0,(anonymous_1)
DA:1,0
DA:2,0
DA:4,0
DA:5,0
LF:4
LH:0
BRF:0
BRH:0
end_of_record
TN:
SF:/Users/3forcomdev/@kitchen/webpack-optimize/src/components/atoms/button/index.tsx
FN:7,(anonymous_0)
FNF:1
FNH:1
FNDA:1,(anonymous_0)
DA:1,1
DA:7,1
LF:2
LH:2
BRDA:8,0,0,0
BRDA:8,0,1,1
BRF:2
BRH:1
end_of_record
TN:
SF:/Users/3forcomdev/@kitchen/webpack-optimize/src/configs/routes/index.ts
FNF:0
FNH:0
DA:7,0
LF:1
LH:0
BRF:0
BRH:0
end_of_record
TN:
SF:/Users/3forcomdev/@kitchen/webpack-optimize/src/libs/eaStore/index.tsx
FN:13,(anonymous_0)
FN:17,Provider
FN:21,useStore
FN:31,(anonymous_3)
FNF:4
FNH:0
FNDA:0,(anonymous_0)
FNDA:0,Provider
FNDA:0,useStore
FNDA:0,(anonymous_3)
DA:1,0
DA:13,0
DA:16,0
DA:17,0
DA:18,0
DA:19,0
DA:21,0
DA:22,0
DA:23,0
DA:24,0
DA:26,0
DA:28,0
DA:31,0
LF:13
LH:0
BRDA:23,0,0,0
BRDA:23,0,1,0
BRF:2
BRH:0
end_of_record
TN:
SF:/Users/3forcomdev/@kitchen/webpack-optimize/src/pages/index/index.tsx
FN:3,Index
FNF:1
FNH:0
FNDA:0,Index
DA:1,0
DA:3,0
DA:5,0
LF:3
LH:0
BRF:0
BRH:0
end_of_record
TN:
SF:/Users/3forcomdev/@kitchen/webpack-optimize/src/utils/provider/index.tsx
FN:6,(anonymous_0)
FNF:1
FNH:0
FNDA:0,(anonymous_0)
DA:1,0
DA:2,0
DA:4,0
DA:6,0
DA:7,0
LF:5
LH:0
BRF:0
BRH:0
end_of_record
TN:
SF:/Users/3forcomdev/@kitchen/webpack-optimize/src/utils/routes/index.tsx
FN:6,(anonymous_0)
FN:10,(anonymous_1)
FN:15,render
FN:16,(anonymous_3)
FN:16,(anonymous_4)
FNF:5
FNH:0
FNDA:0,(anonymous_0)
FNDA:0,(anonymous_1)
FNDA:0,render
FNDA:0,(anonymous_3)
FNDA:0,(anonymous_4)
DA:1,0
DA:2,0
DA:4,0
DA:6,0
DA:7,0
DA:10,0
DA:16,0
DA:19,0
LF:8
LH:0
BRF:0
BRH:0
end_of_record
